[0.015s] Invoking command in '/home/dkosinov/ros2_ws/build/cpp_topic': CMAKE_PREFIX_PATH=${CMAKE_PREFIX_PATH}:/opt/ros/galactic /usr/bin/cmake --build /home/dkosinov/ros2_ws/build/cpp_topic -- -j4 -l4
[0.062s] [35m[1mScanning dependencies of target cpp_sub_spiral[0m
[0.072s] [ 66%] [32mBuilding CXX object CMakeFiles/cpp_sub_spiral.dir/src/cpp_sub_spiral.cpp.o[0m
[0.072s] [ 83%] Built target TIMER
[0.072s] [ 83%] Built target cpp_pub_spiral
[2.149s] [01m[K/home/dkosinov/ros2_ws/src/cpp_topic/src/cpp_sub_spiral.cpp:[m[K In member function ‘[01m[Kvoid MinimalSubscriber::topic_callback(std_msgs::msg::String_<std::allocator<void> >::SharedPtr) const[m[K’:
[2.149s] [01m[K/home/dkosinov/ros2_ws/src/cpp_topic/src/cpp_sub_spiral.cpp:21:17:[m[K [01;31m[Kerror: [m[Kinvalid use of non-static member function ‘[01m[Kconst _CharT* std::__cxx11::basic_string<_CharT, _Traits, _Alloc>::c_str() const [with _CharT = char; _Traits = std::char_traits<char>; _Alloc = std::allocator<char>][m[K’
[2.150s]    21 |       [01;31m[Kstd::cout << msg->data.c_str[m[K << std::endl;
[2.150s]       |       [01;31m[K~~~~~~~~~~^~~~~~~~~~~~~~~~~~[m[K
[2.150s] In file included from [01m[K/usr/include/c++/10/string:55[m[K,
[2.150s]                  from [01m[K/usr/include/c++/10/stdexcept:39[m[K,
[2.150s]                  from [01m[K/usr/include/c++/10/system_error:41[m[K,
[2.150s]                  from [01m[K/usr/include/c++/10/mutex:42[m[K,
[2.150s]                  from [01m[K/usr/include/c++/10/future:38[m[K,
[2.150s]                  from [01m[K/opt/ros/galactic/include/rclcpp/executors.hpp:18[m[K,
[2.150s]                  from [01m[K/opt/ros/galactic/include/rclcpp/rclcpp.hpp:156[m[K,
[2.150s]                  from [01m[K/home/dkosinov/ros2_ws/src/cpp_topic/src/cpp_sub_spiral.cpp:3[m[K:
[2.150s] [01m[K/usr/include/c++/10/bits/basic_string.h:2299:7:[m[K [01;36m[Knote: [m[Kdeclared here
[2.150s]  2299 |       [01;36m[Kc_str[m[K() const _GLIBCXX_NOEXCEPT
[2.150s]       |       [01;36m[K^~~~~[m[K
[4.281s] make[2]: *** [CMakeFiles/cpp_sub_spiral.dir/build.make:63: CMakeFiles/cpp_sub_spiral.dir/src/cpp_sub_spiral.cpp.o] Error 1
[4.281s] make[1]: *** [CMakeFiles/Makefile2:109: CMakeFiles/cpp_sub_spiral.dir/all] Error 2
[4.281s] make: *** [Makefile:141: all] Error 2
[4.286s] Invoked command in '/home/dkosinov/ros2_ws/build/cpp_topic' returned '2': CMAKE_PREFIX_PATH=${CMAKE_PREFIX_PATH}:/opt/ros/galactic /usr/bin/cmake --build /home/dkosinov/ros2_ws/build/cpp_topic -- -j4 -l4
