-- Found ament_cmake: 1.1.4 (/opt/ros/galactic/share/ament_cmake/cmake)
-- Using PYTHON_EXECUTABLE: /usr/bin/python3
-- Found rclcpp: 9.1.0 (/opt/ros/galactic/share/rclcpp/cmake)
-- Using all available rosidl_typesupport_c: rosidl_typesupport_fastrtps_c;rosidl_typesupport_introspection_c
-- Found rosidl_adapter: 2.2.1 (/opt/ros/galactic/share/rosidl_adapter/cmake)
-- Using all available rosidl_typesupport_cpp: rosidl_typesupport_fastrtps_cpp;rosidl_typesupport_introspection_cpp
-- Found rmw_implementation_cmake: 3.3.1 (/opt/ros/galactic/share/rmw_implementation_cmake/cmake)
-- Found rmw_cyclonedds_cpp: 0.22.3 (/opt/ros/galactic/share/rmw_cyclonedds_cpp/cmake)
-- Using RMW implementation 'rmw_cyclonedds_cpp' as default
-- Found geometry_msgs: 2.2.3 (/opt/ros/galactic/share/geometry_msgs/cmake)
-- Found ament_lint_auto: 0.10.6 (/opt/ros/galactic/share/ament_lint_auto/cmake)
-- Added test 'copyright' to check source files copyright and LICENSE
-- Added test 'cppcheck' to perform static code analysis on C / C++ code
-- Configured cppcheck include dirs: 
-- Configured cppcheck exclude dirs and/or files: 
-- Added test 'cpplint' to check C / C++ code against the Google style
-- Configured cpplint exclude dirs and/or files: 
-- Added test 'lint_cmake' to check CMake code style
-- Added test 'uncrustify' to check C / C++ code style
-- Configured uncrustify additional arguments: 
-- Added test 'xmllint' to check XML markup files
-- Configuring done
-- Generating done
-- Build files have been written to: /home/dkosinov/ros2_ws/build/cpp_topic
[35m[1mScanning dependencies of target cpp_sub_spiral[0m
[35m[1mScanning dependencies of target cpp_pub_spiral[0m
[ 50%] [32mBuilding CXX object CMakeFiles/cpp_sub_spiral.dir/src/cpp_sub_spiral.cpp.o[0m
[ 50%] [32mBuilding CXX object CMakeFiles/cpp_pub_spiral.dir/src/cpp_pub_spiral.cpp.o[0m
[ 75%] [32m[1mLinking CXX executable cpp_pub_spiral[0m
[ 75%] Built target cpp_pub_spiral
[100%] [32m[1mLinking CXX executable cpp_sub_spiral[0m
[100%] Built target cpp_sub_spiral
-- Install configuration: ""
-- Installing: /home/dkosinov/ros2_ws/install/cpp_topic/lib/cpp_topic/cpp_pub_spiral
-- Set runtime path of "/home/dkosinov/ros2_ws/install/cpp_topic/lib/cpp_topic/cpp_pub_spiral" to ""
-- Installing: /home/dkosinov/ros2_ws/install/cpp_topic/lib/cpp_topic/cpp_sub_spiral
-- Set runtime path of "/home/dkosinov/ros2_ws/install/cpp_topic/lib/cpp_topic/cpp_sub_spiral" to ""
-- Up-to-date: /home/dkosinov/ros2_ws/install/cpp_topic/share/ament_index/resource_index/package_run_dependencies/cpp_topic
-- Installing: /home/dkosinov/ros2_ws/install/cpp_topic/share/ament_index/resource_index/parent_prefix_path/cpp_topic
-- Up-to-date: /home/dkosinov/ros2_ws/install/cpp_topic/share/cpp_topic/environment/ament_prefix_path.sh
-- Installing: /home/dkosinov/ros2_ws/install/cpp_topic/share/cpp_topic/environment/ament_prefix_path.dsv
-- Up-to-date: /home/dkosinov/ros2_ws/install/cpp_topic/share/cpp_topic/environment/path.sh
-- Installing: /home/dkosinov/ros2_ws/install/cpp_topic/share/cpp_topic/environment/path.dsv
-- Up-to-date: /home/dkosinov/ros2_ws/install/cpp_topic/share/cpp_topic/local_setup.bash
-- Up-to-date: /home/dkosinov/ros2_ws/install/cpp_topic/share/cpp_topic/local_setup.sh
-- Up-to-date: /home/dkosinov/ros2_ws/install/cpp_topic/share/cpp_topic/local_setup.zsh
-- Installing: /home/dkosinov/ros2_ws/install/cpp_topic/share/cpp_topic/local_setup.dsv
-- Installing: /home/dkosinov/ros2_ws/install/cpp_topic/share/cpp_topic/package.dsv
-- Up-to-date: /home/dkosinov/ros2_ws/install/cpp_topic/share/ament_index/resource_index/packages/cpp_topic
-- Up-to-date: /home/dkosinov/ros2_ws/install/cpp_topic/share/cpp_topic/cmake/cpp_topicConfig.cmake
-- Up-to-date: /home/dkosinov/ros2_ws/install/cpp_topic/share/cpp_topic/cmake/cpp_topicConfig-version.cmake
-- Up-to-date: /home/dkosinov/ros2_ws/install/cpp_topic/share/cpp_topic/package.xml
