[0.366s] DEBUG:colcon:Command line arguments: ['/usr/bin/colcon', 'build']
[0.366s] DEBUG:colcon:Parsed command line arguments: Namespace(ament_cmake_args=None, base_paths=['.'], build_base='build', catkin_cmake_args=None, catkin_skip_building_tests=False, cmake_args=None, cmake_clean_cache=False, cmake_clean_first=False, cmake_force_configure=False, cmake_target=None, cmake_target_skip_unavailable=False, continue_on_error=False, event_handlers=None, executor='parallel', ignore_user_meta=False, install_base='install', log_base=None, log_level=None, main=<bound method BuildVerb.main of <colcon_core.verb.build.BuildVerb object at 0x7ff6331f70d0>>, merge_install=False, metas=['./colcon.meta'], packages_above=None, packages_above_and_dependencies=None, packages_above_depth=None, packages_end=None, packages_ignore=None, packages_ignore_regex=None, packages_select=None, packages_select_build_failed=False, packages_select_by_dep=None, packages_select_regex=None, packages_select_test_failures=False, packages_skip=None, packages_skip_build_finished=False, packages_skip_by_dep=None, packages_skip_regex=None, packages_skip_test_passed=False, packages_skip_up_to=None, packages_start=None, packages_up_to=None, packages_up_to_regex=None, parallel_workers=4, paths=None, symlink_install=False, test_result_base=None, verb_extension=<colcon_core.verb.build.BuildVerb object at 0x7ff6331f70d0>, verb_name='build', verb_parser=<colcon_defaults.argument_parser.defaults.DefaultArgumentsDecorator object at 0x7ff6331f7610>)
[0.371s] Level 1:colcon.colcon_core.package_discovery:discover_packages(colcon_meta) check parameters
[0.371s] Level 1:colcon.colcon_core.package_discovery:discover_packages(recursive) check parameters
[0.371s] Level 1:colcon.colcon_core.package_discovery:discover_packages(ignore) check parameters
[0.371s] Level 1:colcon.colcon_core.package_discovery:discover_packages(path) check parameters
[0.371s] Level 1:colcon.colcon_core.package_discovery:discover_packages(colcon_meta) discover
[0.371s] Level 1:colcon.colcon_core.package_discovery:discover_packages(recursive) discover
[0.371s] INFO:colcon.colcon_core.package_discovery:Crawling recursively for packages in '/home/dkosinov/ros2_ws'
[0.371s] Level 1:colcon.colcon_core.package_identification:_identify(.) by extensions ['ignore', 'ignore_ament_install']
[0.372s] Level 1:colcon.colcon_core.package_identification:_identify(.) by extension 'ignore'
[0.372s] Level 1:colcon.colcon_core.package_identification:_identify(.) by extension 'ignore_ament_install'
[0.372s] Level 1:colcon.colcon_core.package_identification:_identify(.) by extensions ['colcon_pkg']
[0.372s] Level 1:colcon.colcon_core.package_identification:_identify(.) by extension 'colcon_pkg'
[0.372s] Level 1:colcon.colcon_core.package_identification:_identify(.) by extensions ['colcon_meta']
[0.372s] Level 1:colcon.colcon_core.package_identification:_identify(.) by extension 'colcon_meta'
[0.372s] Level 1:colcon.colcon_core.package_identification:_identify(.) by extensions ['ros']
[0.372s] Level 1:colcon.colcon_core.package_identification:_identify(.) by extension 'ros'
[0.384s] Level 1:colcon.colcon_core.package_identification:_identify(.) by extensions ['cmake', 'python']
[0.384s] Level 1:colcon.colcon_core.package_identification:_identify(.) by extension 'cmake'
[0.384s] Level 1:colcon.colcon_core.package_identification:_identify(.) by extension 'python'
[0.384s] Level 1:colcon.colcon_core.package_identification:_identify(.) by extensions ['python_setup_py']
[0.384s] Level 1:colcon.colcon_core.package_identification:_identify(.) by extension 'python_setup_py'
[0.384s] Level 1:colcon.colcon_core.package_identification:_identify(build) by extensions ['ignore', 'ignore_ament_install']
[0.384s] Level 1:colcon.colcon_core.package_identification:_identify(build) by extension 'ignore'
[0.384s] Level 1:colcon.colcon_core.package_identification:_identify(build) ignored
[0.384s] Level 1:colcon.colcon_core.package_identification:_identify(install) by extensions ['ignore', 'ignore_ament_install']
[0.384s] Level 1:colcon.colcon_core.package_identification:_identify(install) by extension 'ignore'
[0.384s] Level 1:colcon.colcon_core.package_identification:_identify(install) ignored
[0.385s] Level 1:colcon.colcon_core.package_identification:_identify(log) by extensions ['ignore', 'ignore_ament_install']
[0.385s] Level 1:colcon.colcon_core.package_identification:_identify(log) by extension 'ignore'
[0.385s] Level 1:colcon.colcon_core.package_identification:_identify(log) ignored
[0.385s] Level 1:colcon.colcon_core.package_identification:_identify(src) by extensions ['ignore', 'ignore_ament_install']
[0.385s] Level 1:colcon.colcon_core.package_identification:_identify(src) by extension 'ignore'
[0.385s] Level 1:colcon.colcon_core.package_identification:_identify(src) by extension 'ignore_ament_install'
[0.385s] Level 1:colcon.colcon_core.package_identification:_identify(src) by extensions ['colcon_pkg']
[0.385s] Level 1:colcon.colcon_core.package_identification:_identify(src) by extension 'colcon_pkg'
[0.385s] Level 1:colcon.colcon_core.package_identification:_identify(src) by extensions ['colcon_meta']
[0.385s] Level 1:colcon.colcon_core.package_identification:_identify(src) by extension 'colcon_meta'
[0.385s] Level 1:colcon.colcon_core.package_identification:_identify(src) by extensions ['ros']
[0.385s] Level 1:colcon.colcon_core.package_identification:_identify(src) by extension 'ros'
[0.385s] Level 1:colcon.colcon_core.package_identification:_identify(src) by extensions ['cmake', 'python']
[0.385s] Level 1:colcon.colcon_core.package_identification:_identify(src) by extension 'cmake'
[0.385s] Level 1:colcon.colcon_core.package_identification:_identify(src) by extension 'python'
[0.385s] Level 1:colcon.colcon_core.package_identification:_identify(src) by extensions ['python_setup_py']
[0.386s] Level 1:colcon.colcon_core.package_identification:_identify(src) by extension 'python_setup_py'
[0.386s] Level 1:colcon.colcon_core.package_identification:_identify(src/cpp_topic) by extensions ['ignore', 'ignore_ament_install']
[0.386s] Level 1:colcon.colcon_core.package_identification:_identify(src/cpp_topic) by extension 'ignore'
[0.386s] Level 1:colcon.colcon_core.package_identification:_identify(src/cpp_topic) by extension 'ignore_ament_install'
[0.386s] Level 1:colcon.colcon_core.package_identification:_identify(src/cpp_topic) by extensions ['colcon_pkg']
[0.386s] Level 1:colcon.colcon_core.package_identification:_identify(src/cpp_topic) by extension 'colcon_pkg'
[0.386s] Level 1:colcon.colcon_core.package_identification:_identify(src/cpp_topic) by extensions ['colcon_meta']
[0.386s] Level 1:colcon.colcon_core.package_identification:_identify(src/cpp_topic) by extension 'colcon_meta'
[0.386s] Level 1:colcon.colcon_core.package_identification:_identify(src/cpp_topic) by extensions ['ros']
[0.386s] Level 1:colcon.colcon_core.package_identification:_identify(src/cpp_topic) by extension 'ros'
[0.388s] DEBUG:colcon.colcon_core.package_identification:Package 'src/cpp_topic' with type 'ros.ament_cmake' and name 'cpp_topic'
[0.389s] Level 1:colcon.colcon_core.package_discovery:discover_packages(recursive) using defaults
[0.389s] Level 1:colcon.colcon_core.package_discovery:discover_packages(ignore) discover
[0.389s] Level 1:colcon.colcon_core.package_discovery:discover_packages(ignore) using defaults
[0.389s] Level 1:colcon.colcon_core.package_discovery:discover_packages(path) discover
[0.389s] Level 1:colcon.colcon_core.package_discovery:discover_packages(path) using defaults
[0.409s] Level 5:colcon.colcon_core.verb:set package 'cpp_topic' build argument 'cmake_args' from command line to 'None'
[0.409s] Level 5:colcon.colcon_core.verb:set package 'cpp_topic' build argument 'cmake_target' from command line to 'None'
[0.409s] Level 5:colcon.colcon_core.verb:set package 'cpp_topic' build argument 'cmake_target_skip_unavailable' from command line to 'False'
[0.409s] Level 5:colcon.colcon_core.verb:set package 'cpp_topic' build argument 'cmake_clean_cache' from command line to 'False'
[0.409s] Level 5:colcon.colcon_core.verb:set package 'cpp_topic' build argument 'cmake_clean_first' from command line to 'False'
[0.409s] Level 5:colcon.colcon_core.verb:set package 'cpp_topic' build argument 'cmake_force_configure' from command line to 'False'
[0.409s] Level 5:colcon.colcon_core.verb:set package 'cpp_topic' build argument 'ament_cmake_args' from command line to 'None'
[0.409s] Level 5:colcon.colcon_core.verb:set package 'cpp_topic' build argument 'catkin_cmake_args' from command line to 'None'
[0.409s] Level 5:colcon.colcon_core.verb:set package 'cpp_topic' build argument 'catkin_skip_building_tests' from command line to 'False'
[0.409s] DEBUG:colcon.colcon_core.verb:Building package 'cpp_topic' with the following arguments: {'ament_cmake_args': None, 'build_base': '/home/dkosinov/ros2_ws/build/cpp_topic', 'catkin_cmake_args': None, 'catkin_skip_building_tests': False, 'cmake_args': None, 'cmake_clean_cache': False, 'cmake_clean_first': False, 'cmake_force_configure': False, 'cmake_target': None, 'cmake_target_skip_unavailable': False, 'install_base': '/home/dkosinov/ros2_ws/install/cpp_topic', 'merge_install': False, 'path': '/home/dkosinov/ros2_ws/src/cpp_topic', 'symlink_install': False, 'test_result_base': None}
[0.409s] INFO:colcon.colcon_core.executor:Executing jobs using 'parallel' executor
[0.412s] DEBUG:colcon.colcon_parallel_executor.executor.parallel:run_until_complete
[0.412s] INFO:colcon.colcon_ros.task.ament_cmake.build:Building ROS package in '/home/dkosinov/ros2_ws/src/cpp_topic' with build type 'ament_cmake'
[0.412s] INFO:colcon.colcon_cmake.task.cmake.build:Building CMake package in '/home/dkosinov/ros2_ws/src/cpp_topic'
[0.417s] INFO:colcon.colcon_core.plugin_system:Skipping extension 'colcon_core.shell.bat': Not used on non-Windows systems
[0.417s] INFO:colcon.colcon_core.shell:Skip shell extension 'powershell' for command environment: Not usable outside of PowerShell
[0.417s] DEBUG:colcon.colcon_core.shell:Skip shell extension 'dsv' for command environment
[0.419s] DEBUG:colcon.colcon_core.shell:Ignoring prefix path '/opt/ros/galactic'
[0.432s] DEBUG:colcon.colcon_core.event_handler.log_command:Invoking command in '/home/dkosinov/ros2_ws/build/cpp_topic': CMAKE_PREFIX_PATH=${CMAKE_PREFIX_PATH}:/opt/ros/galactic /usr/bin/cmake --build /home/dkosinov/ros2_ws/build/cpp_topic -- -j4 -l4
[8.205s] DEBUG:colcon.colcon_core.event_handler.log_command:Invoked command in '/home/dkosinov/ros2_ws/build/cpp_topic' returned '0': CMAKE_PREFIX_PATH=${CMAKE_PREFIX_PATH}:/opt/ros/galactic /usr/bin/cmake --build /home/dkosinov/ros2_ws/build/cpp_topic -- -j4 -l4
[8.244s] DEBUG:colcon.colcon_core.event_handler.log_command:Invoking command in '/home/dkosinov/ros2_ws/build/cpp_topic': CMAKE_PREFIX_PATH=${CMAKE_PREFIX_PATH}:/opt/ros/galactic /usr/bin/cmake --install /home/dkosinov/ros2_ws/build/cpp_topic
[8.261s] Level 1:colcon.colcon_core.environment:create_environment_scripts_only(cpp_topic)
[8.263s] DEBUG:colcon.colcon_core.event_handler.log_command:Invoked command in '/home/dkosinov/ros2_ws/build/cpp_topic' returned '0': CMAKE_PREFIX_PATH=${CMAKE_PREFIX_PATH}:/opt/ros/galactic /usr/bin/cmake --install /home/dkosinov/ros2_ws/build/cpp_topic
[8.265s] Level 1:colcon.colcon_core.environment:checking '/home/dkosinov/ros2_ws/install/cpp_topic' for CMake module files
[8.266s] Level 1:colcon.colcon_core.environment:checking '/home/dkosinov/ros2_ws/install/cpp_topic' for CMake config files
[8.266s] Level 1:colcon.colcon_core.shell:create_environment_hook('cpp_topic', 'cmake_prefix_path')
[8.267s] INFO:colcon.colcon_core.shell:Creating environment hook '/home/dkosinov/ros2_ws/install/cpp_topic/share/cpp_topic/hook/cmake_prefix_path.ps1'
[8.268s] INFO:colcon.colcon_core.shell:Creating environment descriptor '/home/dkosinov/ros2_ws/install/cpp_topic/share/cpp_topic/hook/cmake_prefix_path.dsv'
[8.268s] INFO:colcon.colcon_core.shell:Creating environment hook '/home/dkosinov/ros2_ws/install/cpp_topic/share/cpp_topic/hook/cmake_prefix_path.sh'
[8.269s] Level 1:colcon.colcon_core.environment:checking '/home/dkosinov/ros2_ws/install/cpp_topic/lib'
[8.269s] Level 1:colcon.colcon_core.environment:checking '/home/dkosinov/ros2_ws/install/cpp_topic/bin'
[8.269s] Level 1:colcon.colcon_core.environment:checking '/home/dkosinov/ros2_ws/install/cpp_topic/lib/pkgconfig/cpp_topic.pc'
[8.269s] Level 1:colcon.colcon_core.environment:checking '/home/dkosinov/ros2_ws/install/cpp_topic/lib/python3.8/site-packages'
[8.270s] INFO:colcon.colcon_core.shell:Creating package script '/home/dkosinov/ros2_ws/install/cpp_topic/share/cpp_topic/package.ps1'
[8.272s] INFO:colcon.colcon_core.shell:Creating package descriptor '/home/dkosinov/ros2_ws/install/cpp_topic/share/cpp_topic/package.dsv'
[8.272s] INFO:colcon.colcon_core.shell:Creating package script '/home/dkosinov/ros2_ws/install/cpp_topic/share/cpp_topic/package.sh'
[8.273s] INFO:colcon.colcon_core.shell:Creating package script '/home/dkosinov/ros2_ws/install/cpp_topic/share/cpp_topic/package.bash'
[8.274s] INFO:colcon.colcon_core.shell:Creating package script '/home/dkosinov/ros2_ws/install/cpp_topic/share/cpp_topic/package.zsh'
[8.274s] Level 1:colcon.colcon_core.environment:create_file_with_runtime_dependencies(/home/dkosinov/ros2_ws/install/cpp_topic/share/colcon-core/packages/cpp_topic)
[8.304s] Level 1:colcon.colcon_core.environment:create_environment_scripts_only(cpp_topic)
[8.305s] Level 1:colcon.colcon_core.environment:checking '/home/dkosinov/ros2_ws/install/cpp_topic' for CMake module files
[8.306s] Level 1:colcon.colcon_core.environment:checking '/home/dkosinov/ros2_ws/install/cpp_topic' for CMake config files
[8.306s] Level 1:colcon.colcon_core.shell:create_environment_hook('cpp_topic', 'cmake_prefix_path')
[8.307s] INFO:colcon.colcon_core.shell:Creating environment hook '/home/dkosinov/ros2_ws/install/cpp_topic/share/cpp_topic/hook/cmake_prefix_path.ps1'
[8.307s] INFO:colcon.colcon_core.shell:Creating environment descriptor '/home/dkosinov/ros2_ws/install/cpp_topic/share/cpp_topic/hook/cmake_prefix_path.dsv'
[8.307s] INFO:colcon.colcon_core.shell:Creating environment hook '/home/dkosinov/ros2_ws/install/cpp_topic/share/cpp_topic/hook/cmake_prefix_path.sh'
[8.308s] Level 1:colcon.colcon_core.environment:checking '/home/dkosinov/ros2_ws/install/cpp_topic/lib'
[8.308s] Level 1:colcon.colcon_core.environment:checking '/home/dkosinov/ros2_ws/install/cpp_topic/bin'
[8.308s] Level 1:colcon.colcon_core.environment:checking '/home/dkosinov/ros2_ws/install/cpp_topic/lib/pkgconfig/cpp_topic.pc'
[8.308s] Level 1:colcon.colcon_core.environment:checking '/home/dkosinov/ros2_ws/install/cpp_topic/lib/python3.8/site-packages'
[8.309s] INFO:colcon.colcon_core.shell:Creating package script '/home/dkosinov/ros2_ws/install/cpp_topic/share/cpp_topic/package.ps1'
[8.310s] INFO:colcon.colcon_core.shell:Creating package descriptor '/home/dkosinov/ros2_ws/install/cpp_topic/share/cpp_topic/package.dsv'
[8.310s] INFO:colcon.colcon_core.shell:Creating package script '/home/dkosinov/ros2_ws/install/cpp_topic/share/cpp_topic/package.sh'
[8.310s] INFO:colcon.colcon_core.shell:Creating package script '/home/dkosinov/ros2_ws/install/cpp_topic/share/cpp_topic/package.bash'
[8.311s] INFO:colcon.colcon_core.shell:Creating package script '/home/dkosinov/ros2_ws/install/cpp_topic/share/cpp_topic/package.zsh'
[8.311s] Level 1:colcon.colcon_core.environment:create_file_with_runtime_dependencies(/home/dkosinov/ros2_ws/install/cpp_topic/share/colcon-core/packages/cpp_topic)
[8.312s] DEBUG:colcon.colcon_parallel_executor.executor.parallel:closing loop
[8.313s] DEBUG:colcon.colcon_parallel_executor.executor.parallel:loop closed
[8.313s] DEBUG:colcon.colcon_parallel_executor.executor.parallel:run_until_complete finished with '0'
[8.314s] DEBUG:colcon.colcon_core.event_reactor:joining thread
[8.320s] INFO:colcon.colcon_core.plugin_system:Skipping extension 'colcon_notification.desktop_notification.terminal_notifier': Not used on non-Darwin systems
[8.320s] INFO:colcon.colcon_core.plugin_system:Skipping extension 'colcon_notification.desktop_notification.win32': Not used on non-Windows systems
[8.320s] INFO:colcon.colcon_notification.desktop_notification:Sending desktop notification using 'notify2'
[8.320s] DEBUG:colcon.colcon_notification.desktop_notification.notify2:Failed to initialize notify2: org.freedesktop.DBus.Error.NotSupported: Unable to autolaunch a dbus-daemon without a $DISPLAY for X11
[8.321s] DEBUG:colcon.colcon_core.event_reactor:joined thread
[8.321s] INFO:colcon.colcon_core.shell:Creating prefix script '/home/dkosinov/ros2_ws/install/local_setup.ps1'
[8.322s] INFO:colcon.colcon_core.shell:Creating prefix util module '/home/dkosinov/ros2_ws/install/_local_setup_util_ps1.py'
[8.323s] INFO:colcon.colcon_core.shell:Creating prefix chain script '/home/dkosinov/ros2_ws/install/setup.ps1'
[8.325s] INFO:colcon.colcon_core.shell:Creating prefix script '/home/dkosinov/ros2_ws/install/local_setup.sh'
[8.326s] INFO:colcon.colcon_core.shell:Creating prefix util module '/home/dkosinov/ros2_ws/install/_local_setup_util_sh.py'
[8.326s] INFO:colcon.colcon_core.shell:Creating prefix chain script '/home/dkosinov/ros2_ws/install/setup.sh'
[8.329s] INFO:colcon.colcon_core.shell:Creating prefix script '/home/dkosinov/ros2_ws/install/local_setup.bash'
[8.329s] INFO:colcon.colcon_core.shell:Creating prefix chain script '/home/dkosinov/ros2_ws/install/setup.bash'
[8.332s] INFO:colcon.colcon_core.shell:Creating prefix script '/home/dkosinov/ros2_ws/install/local_setup.zsh'
[8.333s] INFO:colcon.colcon_core.shell:Creating prefix chain script '/home/dkosinov/ros2_ws/install/setup.zsh'
