[0.015s] Invoking command in '/home/dkosinov/ros2_ws/build/cpp_topic': CMAKE_PREFIX_PATH=${CMAKE_PREFIX_PATH}:/opt/ros/galactic /usr/bin/cmake --build /home/dkosinov/ros2_ws/build/cpp_topic -- -j4 -l4
[0.063s] [35m[1mScanning dependencies of target cpp_pub_spiral[0m
[0.074s] [ 83%] Built target cpp_sub_spiral
[0.074s] [ 83%] [32mBuilding CXX object CMakeFiles/cpp_pub_spiral.dir/src/cpp_pub_spiral.cpp.o[0m
[0.074s] [ 83%] Built target TIMER
[3.988s] [100%] [32m[1mLinking CXX executable cpp_pub_spiral[0m
[4.221s] [100%] Built target cpp_pub_spiral
[4.234s] Invoked command in '/home/dkosinov/ros2_ws/build/cpp_topic' returned '0': CMAKE_PREFIX_PATH=${CMAKE_PREFIX_PATH}:/opt/ros/galactic /usr/bin/cmake --build /home/dkosinov/ros2_ws/build/cpp_topic -- -j4 -l4
[4.276s] Invoking command in '/home/dkosinov/ros2_ws/build/cpp_topic': CMAKE_PREFIX_PATH=${CMAKE_PREFIX_PATH}:/opt/ros/galactic /usr/bin/cmake --install /home/dkosinov/ros2_ws/build/cpp_topic
[4.284s] -- Install configuration: ""
[4.284s] -- Installing: /home/dkosinov/ros2_ws/install/cpp_topic/lib/cpp_topic/cpp_pub_spiral
[4.285s] -- Set runtime path of "/home/dkosinov/ros2_ws/install/cpp_topic/lib/cpp_topic/cpp_pub_spiral" to ""
[4.286s] -- Up-to-date: /home/dkosinov/ros2_ws/install/cpp_topic/lib/cpp_topic/cpp_sub_spiral
[4.286s] -- Up-to-date: /home/dkosinov/ros2_ws/install/cpp_topic/share/ament_index/resource_index/package_run_dependencies/cpp_topic
[4.286s] -- Up-to-date: /home/dkosinov/ros2_ws/install/cpp_topic/share/ament_index/resource_index/parent_prefix_path/cpp_topic
[4.287s] -- Up-to-date: /home/dkosinov/ros2_ws/install/cpp_topic/share/cpp_topic/environment/ament_prefix_path.sh
[4.287s] -- Up-to-date: /home/dkosinov/ros2_ws/install/cpp_topic/share/cpp_topic/environment/ament_prefix_path.dsv
[4.287s] -- Up-to-date: /home/dkosinov/ros2_ws/install/cpp_topic/share/cpp_topic/environment/path.sh
[4.288s] -- Up-to-date: /home/dkosinov/ros2_ws/install/cpp_topic/share/cpp_topic/environment/path.dsv
[4.288s] -- Up-to-date: /home/dkosinov/ros2_ws/install/cpp_topic/share/cpp_topic/local_setup.bash
[4.288s] -- Up-to-date: /home/dkosinov/ros2_ws/install/cpp_topic/share/cpp_topic/local_setup.sh
[4.288s] -- Up-to-date: /home/dkosinov/ros2_ws/install/cpp_topic/share/cpp_topic/local_setup.zsh
[4.288s] -- Up-to-date: /home/dkosinov/ros2_ws/install/cpp_topic/share/cpp_topic/local_setup.dsv
[4.288s] -- Installing: /home/dkosinov/ros2_ws/install/cpp_topic/share/cpp_topic/package.dsv
[4.288s] -- Up-to-date: /home/dkosinov/ros2_ws/install/cpp_topic/share/ament_index/resource_index/packages/cpp_topic
[4.288s] -- Up-to-date: /home/dkosinov/ros2_ws/install/cpp_topic/share/cpp_topic/cmake/cpp_topicConfig.cmake
[4.288s] -- Up-to-date: /home/dkosinov/ros2_ws/install/cpp_topic/share/cpp_topic/cmake/cpp_topicConfig-version.cmake
[4.288s] -- Up-to-date: /home/dkosinov/ros2_ws/install/cpp_topic/share/cpp_topic/package.xml
[4.291s] Invoked command in '/home/dkosinov/ros2_ws/build/cpp_topic' returned '0': CMAKE_PREFIX_PATH=${CMAKE_PREFIX_PATH}:/opt/ros/galactic /usr/bin/cmake --install /home/dkosinov/ros2_ws/build/cpp_topic
