[0.018s] Invoking command in '/home/dkosinov/ros2_ws/build/cpp_topic': CMAKE_PREFIX_PATH=${CMAKE_PREFIX_PATH}:/opt/ros/galactic /usr/bin/cmake --build /home/dkosinov/ros2_ws/build/cpp_topic -- -j4 -l4
[0.070s] [35m[1mScanning dependencies of target cpp_sub_spiral[0m
[0.081s] [ 33%] [32mBuilding CXX object CMakeFiles/cpp_pub_spiral.dir/src/cpp_pub_spiral.cpp.o[0m
[0.082s] [ 50%] Built target TIMER
[0.083s] [ 66%] [32mBuilding CXX object CMakeFiles/cpp_sub_spiral.dir/src/cpp_sub_spiral.cpp.o[0m
[2.210s] [01m[K/home/dkosinov/ros2_ws/src/cpp_topic/src/cpp_pub_spiral.cpp:48:5:[m[K [01;31m[Kerror: [m[Kcannot declare ‘[01m[K::main[m[K’ to be a global variable
[2.211s]    48 | int [01;31m[Kmain[m[K {
[2.211s]       |     [01;31m[K^~~~[m[K
[2.211s] [01m[K/home/dkosinov/ros2_ws/src/cpp_topic/src/cpp_pub_spiral.cpp:50:16:[m[K [01;31m[Kerror: [m[Ktoo few arguments to function ‘[01m[Kvoid rclcpp::init(int, const char* const*, const rclcpp::InitOptions&)[m[K’
[2.211s]    50 |   rclcpp::init([01;31m[K)[m[K;
[2.211s]       |                [01;31m[K^[m[K
[2.211s] In file included from [01m[K/opt/ros/galactic/include/rclcpp/client.hpp:36[m[K,
[2.211s]                  from [01m[K/opt/ros/galactic/include/rclcpp/callback_group.hpp:23[m[K,
[2.211s]                  from [01m[K/opt/ros/galactic/include/rclcpp/any_executable.hpp:20[m[K,
[2.211s]                  from [01m[K/opt/ros/galactic/include/rclcpp/memory_strategy.hpp:25[m[K,
[2.211s]                  from [01m[K/opt/ros/galactic/include/rclcpp/memory_strategies.hpp:18[m[K,
[2.211s]                  from [01m[K/opt/ros/galactic/include/rclcpp/executor_options.hpp:20[m[K,
[2.211s]                  from [01m[K/opt/ros/galactic/include/rclcpp/executor.hpp:36[m[K,
[2.211s]                  from [01m[K/opt/ros/galactic/include/rclcpp/executors/multi_threaded_executor.hpp:26[m[K,
[2.212s]                  from [01m[K/opt/ros/galactic/include/rclcpp/executors.hpp:21[m[K,
[2.212s]                  from [01m[K/opt/ros/galactic/include/rclcpp/rclcpp.hpp:156[m[K,
[2.212s]                  from [01m[K/home/dkosinov/ros2_ws/src/cpp_topic/src/cpp_pub_spiral.cpp:6[m[K:
[2.212s] [01m[K/opt/ros/galactic/include/rclcpp/utilities.hpp:56:1:[m[K [01;36m[Knote: [m[Kdeclared here
[2.212s]    56 | [01;36m[Kinit[m[K(int argc, char const * const argv[], const InitOptions & init_options = InitOptions());
[2.212s]       | [01;36m[K^~~~[m[K
[2.212s] [01m[K/home/dkosinov/ros2_ws/src/cpp_topic/src/cpp_pub_spiral.cpp:50:17:[m[K [01;31m[Kerror: [m[Kexpected ‘[01m[K}[m[K’ before ‘[01m[K;[m[K’ token
[2.212s]    50 |   rclcpp::init()[01;31m[K;[m[K
[2.212s]       |                 [01;31m[K^[m[K
[2.212s] [01m[K/home/dkosinov/ros2_ws/src/cpp_topic/src/cpp_pub_spiral.cpp:48:10:[m[K [01;36m[Knote: [m[Kto match this ‘[01m[K{[m[K’
[2.212s]    48 | int main [01;36m[K{[m[K
[2.212s]       |          [01;36m[K^[m[K
[2.212s] [01m[K/home/dkosinov/ros2_ws/src/cpp_topic/src/cpp_pub_spiral.cpp:51:15:[m[K [01;31m[Kerror: [m[Kexpected constructor, destructor, or type conversion before ‘[01m[K([m[K’ token
[2.212s]    51 |   rclcpp::spin[01;31m[K([m[Kstd::make_shared<MinimalPublisher>());
[2.212s]       |               [01;31m[K^[m[K
[2.213s] [01m[K/home/dkosinov/ros2_ws/src/cpp_topic/src/cpp_pub_spiral.cpp:52:21:[m[K [01;31m[Kerror: [m[Kexpected constructor, destructor, or type conversion before ‘[01m[K;[m[K’ token
[2.213s]    52 |   rclcpp::shutdown()[01;31m[K;[m[K
[2.213s]       |                     [01;31m[K^[m[K
[2.213s] [01m[K/home/dkosinov/ros2_ws/src/cpp_topic/src/cpp_pub_spiral.cpp:53:3:[m[K [01;31m[Kerror: [m[Kexpected unqualified-id before ‘[01m[Kreturn[m[K’
[2.213s]    53 |   [01;31m[Kreturn[m[K 0;
[2.213s]       |   [01;31m[K^~~~~~[m[K
[2.213s] [01m[K/home/dkosinov/ros2_ws/src/cpp_topic/src/cpp_pub_spiral.cpp:54:1:[m[K [01;31m[Kerror: [m[Kexpected declaration before ‘[01m[K}[m[K’ token
[2.213s]    54 | [01;31m[K}[m[K
[2.213s]       | [01;31m[K^[m[K
[2.275s] [01m[K/home/dkosinov/ros2_ws/src/cpp_topic/src/cpp_sub_spiral.cpp:[m[K In function ‘[01m[Kint main()[m[K’:
[2.275s] [01m[K/home/dkosinov/ros2_ws/src/cpp_topic/src/cpp_sub_spiral.cpp:33:16:[m[K [01;31m[Kerror: [m[Ktoo few arguments to function ‘[01m[Kvoid rclcpp::init(int, const char* const*, const rclcpp::InitOptions&)[m[K’
[2.275s]    33 |   rclcpp::init([01;31m[K)[m[K;
[2.275s]       |                [01;31m[K^[m[K
[2.275s] In file included from [01m[K/opt/ros/galactic/include/rclcpp/client.hpp:36[m[K,
[2.276s]                  from [01m[K/opt/ros/galactic/include/rclcpp/callback_group.hpp:23[m[K,
[2.276s]                  from [01m[K/opt/ros/galactic/include/rclcpp/any_executable.hpp:20[m[K,
[2.276s]                  from [01m[K/opt/ros/galactic/include/rclcpp/memory_strategy.hpp:25[m[K,
[2.276s]                  from [01m[K/opt/ros/galactic/include/rclcpp/memory_strategies.hpp:18[m[K,
[2.276s]                  from [01m[K/opt/ros/galactic/include/rclcpp/executor_options.hpp:20[m[K,
[2.276s]                  from [01m[K/opt/ros/galactic/include/rclcpp/executor.hpp:36[m[K,
[2.276s]                  from [01m[K/opt/ros/galactic/include/rclcpp/executors/multi_threaded_executor.hpp:26[m[K,
[2.276s]                  from [01m[K/opt/ros/galactic/include/rclcpp/executors.hpp:21[m[K,
[2.276s]                  from [01m[K/opt/ros/galactic/include/rclcpp/rclcpp.hpp:156[m[K,
[2.276s]                  from [01m[K/home/dkosinov/ros2_ws/src/cpp_topic/src/cpp_sub_spiral.cpp:3[m[K:
[2.276s] [01m[K/opt/ros/galactic/include/rclcpp/utilities.hpp:56:1:[m[K [01;36m[Knote: [m[Kdeclared here
[2.276s]    56 | [01;36m[Kinit[m[K(int argc, char const * const argv[], const InitOptions & init_options = InitOptions());
[2.276s]       | [01;36m[K^~~~[m[K
[3.063s] make[2]: *** [CMakeFiles/cpp_pub_spiral.dir/build.make:63: CMakeFiles/cpp_pub_spiral.dir/src/cpp_pub_spiral.cpp.o] Error 1
[3.064s] make[1]: *** [CMakeFiles/Makefile2:136: CMakeFiles/cpp_pub_spiral.dir/all] Error 2
[3.064s] make[1]: *** Waiting for unfinished jobs....
[4.436s] make[2]: *** [CMakeFiles/cpp_sub_spiral.dir/build.make:63: CMakeFiles/cpp_sub_spiral.dir/src/cpp_sub_spiral.cpp.o] Error 1
[4.437s] make[1]: *** [CMakeFiles/Makefile2:109: CMakeFiles/cpp_sub_spiral.dir/all] Error 2
[4.437s] make: *** [Makefile:141: all] Error 2
[4.439s] Invoked command in '/home/dkosinov/ros2_ws/build/cpp_topic' returned '2': CMAKE_PREFIX_PATH=${CMAKE_PREFIX_PATH}:/opt/ros/galactic /usr/bin/cmake --build /home/dkosinov/ros2_ws/build/cpp_topic -- -j4 -l4
