[0.018s] Invoking command in '/home/dkosinov/ros2_ws/build/cpp_topic': CMAKE_PREFIX_PATH=${CMAKE_PREFIX_PATH}:/opt/ros/galactic /usr/bin/cmake --build /home/dkosinov/ros2_ws/build/cpp_topic -- -j4 -l4
[0.047s] -- Found ament_cmake: 1.1.4 (/opt/ros/galactic/share/ament_cmake/cmake)
[0.069s] -- Using PYTHON_EXECUTABLE: /usr/bin/python3
[0.133s] -- Found rclcpp: 9.1.0 (/opt/ros/galactic/share/rclcpp/cmake)
[0.247s] -- Using all available rosidl_typesupport_c: rosidl_typesupport_fastrtps_c;rosidl_typesupport_introspection_c
[0.252s] -- Found rosidl_adapter: 2.2.1 (/opt/ros/galactic/share/rosidl_adapter/cmake)
[2.658s] -- Using all available rosidl_typesupport_cpp: rosidl_typesupport_fastrtps_cpp;rosidl_typesupport_introspection_cpp
[2.716s] -- Found rmw_implementation_cmake: 3.3.1 (/opt/ros/galactic/share/rmw_implementation_cmake/cmake)
[2.718s] -- Found rmw_cyclonedds_cpp: 0.22.3 (/opt/ros/galactic/share/rmw_cyclonedds_cpp/cmake)
[2.740s] -- Using RMW implementation 'rmw_cyclonedds_cpp' as default
[2.894s] -- Found geometry_msgs: 2.2.3 (/opt/ros/galactic/share/geometry_msgs/cmake)
[2.934s] -- Found ament_lint_auto: 0.10.6 (/opt/ros/galactic/share/ament_lint_auto/cmake)
[2.998s] -- Added test 'copyright' to check source files copyright and LICENSE
[2.999s] -- Added test 'cppcheck' to perform static code analysis on C / C++ code
[2.999s] -- Configured cppcheck include dirs: 
[2.999s] -- Configured cppcheck exclude dirs and/or files: 
[3.000s] -- Added test 'cpplint' to check C / C++ code against the Google style
[3.000s] -- Configured cpplint exclude dirs and/or files: 
[3.000s] -- Added test 'lint_cmake' to check CMake code style
[3.002s] -- Added test 'uncrustify' to check C / C++ code style
[3.002s] -- Configured uncrustify additional arguments: 
[3.002s] -- Added test 'xmllint' to check XML markup files
[3.004s] -- Configuring done
[3.019s] -- Generating done
[3.021s] -- Build files have been written to: /home/dkosinov/ros2_ws/build/cpp_topic
[3.048s] [35m[1mScanning dependencies of target cpp_pub_spiral[0m
[3.049s] [35m[1mScanning dependencies of target cpp_sub_spiral[0m
[3.059s] [ 33%] Built target TIMER
[3.060s] [ 50%] [32mBuilding CXX object CMakeFiles/cpp_sub_spiral.dir/src/cpp_sub_spiral.cpp.o[0m
[3.060s] [ 66%] [32m[1mLinking CXX executable cpp_pub_spiral[0m
[3.206s] [01m[K/home/dkosinov/ros2_ws/src/cpp_topic/src/cpp_sub_spiral.cpp:5:10:[m[K [01;31m[Kfatal error: [m[Kdds/dds.hpp: No such file or directory
[3.206s]     5 | #include [01;31m[K"dds/dds.hpp"[m[K
[3.207s]       |          [01;31m[K^~~~~~~~~~~~~[m[K
[3.207s] compilation terminated.
[3.210s] make[2]: *** [CMakeFiles/cpp_sub_spiral.dir/build.make:63: CMakeFiles/cpp_sub_spiral.dir/src/cpp_sub_spiral.cpp.o] Error 1
[3.210s] make[1]: *** [CMakeFiles/Makefile2:109: CMakeFiles/cpp_sub_spiral.dir/all] Error 2
[3.210s] make[1]: *** Waiting for unfinished jobs....
[3.302s] [ 83%] Built target cpp_pub_spiral
[3.303s] make: *** [Makefile:141: all] Error 2
[3.308s] Invoked command in '/home/dkosinov/ros2_ws/build/cpp_topic' returned '2': CMAKE_PREFIX_PATH=${CMAKE_PREFIX_PATH}:/opt/ros/galactic /usr/bin/cmake --build /home/dkosinov/ros2_ws/build/cpp_topic -- -j4 -l4
