[0.019s] Invoking command in '/home/dkosinov/ros2_ws/build/cpp_topic': CMAKE_PREFIX_PATH=${CMAKE_PREFIX_PATH}:/opt/ros/galactic /usr/bin/cmake --build /home/dkosinov/ros2_ws/build/cpp_topic -- -j4 -l4
[0.059s] [35m[1mScanning dependencies of target cpp_pub_spiral[0m
[0.059s] [35m[1mScanning dependencies of target cpp_sub_spiral[0m
[0.070s] [ 33%] Built target TIMER
[0.070s] [ 50%] [32mBuilding CXX object CMakeFiles/cpp_sub_spiral.dir/src/cpp_sub_spiral.cpp.o[0m
[0.070s] [ 66%] [32mBuilding CXX object CMakeFiles/cpp_pub_spiral.dir/src/cpp_pub_spiral.cpp.o[0m
[4.151s] [ 83%] [32m[1mLinking CXX executable cpp_pub_spiral[0m
[4.391s] [ 83%] Built target cpp_pub_spiral
[7.175s] [100%] [32m[1mLinking CXX executable cpp_sub_spiral[0m
[7.520s] [100%] Built target cpp_sub_spiral
[7.533s] Invoked command in '/home/dkosinov/ros2_ws/build/cpp_topic' returned '0': CMAKE_PREFIX_PATH=${CMAKE_PREFIX_PATH}:/opt/ros/galactic /usr/bin/cmake --build /home/dkosinov/ros2_ws/build/cpp_topic -- -j4 -l4
[7.573s] Invoking command in '/home/dkosinov/ros2_ws/build/cpp_topic': CMAKE_PREFIX_PATH=${CMAKE_PREFIX_PATH}:/opt/ros/galactic /usr/bin/cmake --install /home/dkosinov/ros2_ws/build/cpp_topic
[7.581s] -- Install configuration: ""
[7.581s] -- Installing: /home/dkosinov/ros2_ws/install/cpp_topic/lib/cpp_topic/cpp_pub_spiral
[7.582s] -- Set runtime path of "/home/dkosinov/ros2_ws/install/cpp_topic/lib/cpp_topic/cpp_pub_spiral" to ""
[7.583s] -- Installing: /home/dkosinov/ros2_ws/install/cpp_topic/lib/cpp_topic/cpp_sub_spiral
[7.586s] -- Set runtime path of "/home/dkosinov/ros2_ws/install/cpp_topic/lib/cpp_topic/cpp_sub_spiral" to ""
[7.586s] -- Up-to-date: /home/dkosinov/ros2_ws/install/cpp_topic/share/ament_index/resource_index/package_run_dependencies/cpp_topic
[7.586s] -- Up-to-date: /home/dkosinov/ros2_ws/install/cpp_topic/share/ament_index/resource_index/parent_prefix_path/cpp_topic
[7.587s] -- Up-to-date: /home/dkosinov/ros2_ws/install/cpp_topic/share/cpp_topic/environment/ament_prefix_path.sh
[7.587s] -- Up-to-date: /home/dkosinov/ros2_ws/install/cpp_topic/share/cpp_topic/environment/ament_prefix_path.dsv
[7.587s] -- Up-to-date: /home/dkosinov/ros2_ws/install/cpp_topic/share/cpp_topic/environment/path.sh
[7.587s] -- Up-to-date: /home/dkosinov/ros2_ws/install/cpp_topic/share/cpp_topic/environment/path.dsv
[7.587s] -- Up-to-date: /home/dkosinov/ros2_ws/install/cpp_topic/share/cpp_topic/local_setup.bash
[7.587s] -- Up-to-date: /home/dkosinov/ros2_ws/install/cpp_topic/share/cpp_topic/local_setup.sh
[7.587s] -- Up-to-date: /home/dkosinov/ros2_ws/install/cpp_topic/share/cpp_topic/local_setup.zsh
[7.587s] -- Up-to-date: /home/dkosinov/ros2_ws/install/cpp_topic/share/cpp_topic/local_setup.dsv
[7.588s] -- Installing: /home/dkosinov/ros2_ws/install/cpp_topic/share/cpp_topic/package.dsv
[7.588s] -- Up-to-date: /home/dkosinov/ros2_ws/install/cpp_topic/share/ament_index/resource_index/packages/cpp_topic
[7.588s] -- Up-to-date: /home/dkosinov/ros2_ws/install/cpp_topic/share/cpp_topic/cmake/cpp_topicConfig.cmake
[7.588s] -- Up-to-date: /home/dkosinov/ros2_ws/install/cpp_topic/share/cpp_topic/cmake/cpp_topicConfig-version.cmake
[7.588s] -- Up-to-date: /home/dkosinov/ros2_ws/install/cpp_topic/share/cpp_topic/package.xml
[7.590s] Invoked command in '/home/dkosinov/ros2_ws/build/cpp_topic' returned '0': CMAKE_PREFIX_PATH=${CMAKE_PREFIX_PATH}:/opt/ros/galactic /usr/bin/cmake --install /home/dkosinov/ros2_ws/build/cpp_topic
