[0.015s] Invoking command in '/home/dkosinov/ros2_ws/build/cpp_topic': CMAKE_PREFIX_PATH=${CMAKE_PREFIX_PATH}:/opt/ros/galactic /usr/bin/cmake --build /home/dkosinov/ros2_ws/build/cpp_topic -- -j4 -l4
[0.060s] [35m[1mScanning dependencies of target cpp_sub_spiral[0m
[0.070s] [ 33%] Built target TIMER
[0.070s] [ 66%] Built target cpp_pub_spiral
[0.071s] [ 83%] [32mBuilding CXX object CMakeFiles/cpp_sub_spiral.dir/src/cpp_sub_spiral.cpp.o[0m
[6.989s] [100%] [32m[1mLinking CXX executable cpp_sub_spiral[0m
[7.334s] [100%] Built target cpp_sub_spiral
[7.346s] Invoked command in '/home/dkosinov/ros2_ws/build/cpp_topic' returned '0': CMAKE_PREFIX_PATH=${CMAKE_PREFIX_PATH}:/opt/ros/galactic /usr/bin/cmake --build /home/dkosinov/ros2_ws/build/cpp_topic -- -j4 -l4
[7.390s] Invoking command in '/home/dkosinov/ros2_ws/build/cpp_topic': CMAKE_PREFIX_PATH=${CMAKE_PREFIX_PATH}:/opt/ros/galactic /usr/bin/cmake --install /home/dkosinov/ros2_ws/build/cpp_topic
[7.399s] -- Install configuration: ""
[7.399s] -- Up-to-date: /home/dkosinov/ros2_ws/install/cpp_topic/lib/cpp_topic/cpp_pub_spiral
[7.399s] -- Installing: /home/dkosinov/ros2_ws/install/cpp_topic/lib/cpp_topic/cpp_sub_spiral
[7.402s] -- Set runtime path of "/home/dkosinov/ros2_ws/install/cpp_topic/lib/cpp_topic/cpp_sub_spiral" to ""
[7.403s] -- Up-to-date: /home/dkosinov/ros2_ws/install/cpp_topic/share/ament_index/resource_index/package_run_dependencies/cpp_topic
[7.403s] -- Up-to-date: /home/dkosinov/ros2_ws/install/cpp_topic/share/ament_index/resource_index/parent_prefix_path/cpp_topic
[7.403s] -- Up-to-date: /home/dkosinov/ros2_ws/install/cpp_topic/share/cpp_topic/environment/ament_prefix_path.sh
[7.403s] -- Up-to-date: /home/dkosinov/ros2_ws/install/cpp_topic/share/cpp_topic/environment/ament_prefix_path.dsv
[7.404s] -- Up-to-date: /home/dkosinov/ros2_ws/install/cpp_topic/share/cpp_topic/environment/path.sh
[7.404s] -- Up-to-date: /home/dkosinov/ros2_ws/install/cpp_topic/share/cpp_topic/environment/path.dsv
[7.404s] -- Up-to-date: /home/dkosinov/ros2_ws/install/cpp_topic/share/cpp_topic/local_setup.bash
[7.404s] -- Up-to-date: /home/dkosinov/ros2_ws/install/cpp_topic/share/cpp_topic/local_setup.sh
[7.404s] -- Up-to-date: /home/dkosinov/ros2_ws/install/cpp_topic/share/cpp_topic/local_setup.zsh
[7.404s] -- Up-to-date: /home/dkosinov/ros2_ws/install/cpp_topic/share/cpp_topic/local_setup.dsv
[7.404s] -- Installing: /home/dkosinov/ros2_ws/install/cpp_topic/share/cpp_topic/package.dsv
[7.404s] -- Up-to-date: /home/dkosinov/ros2_ws/install/cpp_topic/share/ament_index/resource_index/packages/cpp_topic
[7.404s] -- Up-to-date: /home/dkosinov/ros2_ws/install/cpp_topic/share/cpp_topic/cmake/cpp_topicConfig.cmake
[7.404s] -- Up-to-date: /home/dkosinov/ros2_ws/install/cpp_topic/share/cpp_topic/cmake/cpp_topicConfig-version.cmake
[7.404s] -- Up-to-date: /home/dkosinov/ros2_ws/install/cpp_topic/share/cpp_topic/package.xml
[7.407s] Invoked command in '/home/dkosinov/ros2_ws/build/cpp_topic' returned '0': CMAKE_PREFIX_PATH=${CMAKE_PREFIX_PATH}:/opt/ros/galactic /usr/bin/cmake --install /home/dkosinov/ros2_ws/build/cpp_topic
